F:\Invoice\WebUI\ClientApp\AjaxCaller.js
F:\Invoice\WebUI\ClientApp\AjaxCaller.js.map
F:\Invoice\WebUI\ClientApp\App.js
F:\Invoice\WebUI\ClientApp\App.js.map
F:\Invoice\WebUI\ClientApp\ClientGeneralTools.js
F:\Invoice\WebUI\ClientApp\ClientGeneralTools.js.map
F:\Invoice\WebUI\ClientApp\CustomEntities.js
F:\Invoice\WebUI\ClientApp\CustomEntities.js.map
F:\Invoice\WebUI\ClientApp\DataTable.js
F:\Invoice\WebUI\ClientApp\DataTable.js.map
F:\Invoice\WebUI\ClientApp\Entities.js
F:\Invoice\WebUI\ClientApp\Entities.js.map
F:\Invoice\WebUI\ClientApp\HomeComponent.js
F:\Invoice\WebUI\ClientApp\HomeComponent.js.map
F:\Invoice\WebUI\ClientApp\IgGrid.js
F:\Invoice\WebUI\ClientApp\IgGrid.js.map
F:\Invoice\WebUI\ClientApp\JsGrid.js
F:\Invoice\WebUI\ClientApp\JsGrid.js.map
F:\Invoice\WebUI\ClientApp\MessageBox.js
F:\Invoice\WebUI\ClientApp\MessageBox.js.map
F:\Invoice\WebUI\ClientApp\Shared.js
F:\Invoice\WebUI\ClientApp\Shared.js.map
F:\Invoice\WebUI\ClientApp\poupitems\poupitems.js
F:\Invoice\WebUI\ClientApp\poupitems\poupitems.js.map
F:\Invoice\WebUI\ClientApp\SystemTools.js
F:\Invoice\WebUI\ClientApp\SystemTools.js.map
F:\Invoice\WebUI\ClientApp\GeneralDefinition\GendefCustomerGroup.js
F:\Invoice\WebUI\ClientApp\GeneralDefinition\GendefCustomerGroup.js.map
F:\Invoice\WebUI\ClientApp\Pages\LoginAdmin.js
F:\Invoice\WebUI\ClientApp\Pages\LoginAdmin.js.map
F:\Invoice\WebUI\ClientApp\Pages\LoginComponent.js
F:\Invoice\WebUI\ClientApp\Pages\LoginComponent.js.map
F:\Invoice\WebUI\ClientApp\Pages\LoginComponent1.js
F:\Invoice\WebUI\ClientApp\Pages\LoginComponent1.js.map
F:\Invoice\WebUI\ClientApp\Pages\Login_.js
F:\Invoice\WebUI\ClientApp\Pages\Login_.js.map
F:\Invoice\WebUI\ClientApp\Partial\Background.js
F:\Invoice\WebUI\ClientApp\Partial\Background.js.map
F:\Invoice\WebUI\ClientApp\Report_Page\Report_Page.js
F:\Invoice\WebUI\ClientApp\Report_Page\Report_Page.js.map
